2024-05-24 14:51:58.771 [info] Extension host with pid 54149 started
2024-05-24 14:51:58.844 [info] Lock '/root/.vscode-server/data/User/workspaceStorage/7357c8406dd7ab776bfe1fd154ad47e5/vscode.lock': Lock acquired.
2024-05-24 14:51:59.082 [info] ExtensionService#_doActivateExtension vscode.emmet, startup: false, activationEvent: 'onLanguage'
2024-05-24 14:51:59.084 [info] ExtensionService#_doActivateExtension vscode.html-language-features, startup: false, activationEvent: 'onLanguage:html'
2024-05-24 14:52:00.057 [info] ExtensionService#_doActivateExtension vscode.git-base, startup: true, activationEvent: '*', root cause: vscode.git
2024-05-24 14:52:00.373 [info] ExtensionService#_doActivateExtension vscode.git, startup: true, activationEvent: '*'
2024-05-24 14:52:00.373 [info] ExtensionService#_doActivateExtension vscode.github, startup: true, activationEvent: '*'
2024-05-24 14:52:00.684 [info] ExtensionService#_doActivateExtension vscode.tunnel-forwarding, startup: false, activationEvent: 'onTunnel'
2024-05-24 14:52:00.719 [info] Eager extensions activated
2024-05-24 14:52:00.719 [info] ExtensionService#_doActivateExtension vscode.debug-auto-launch, startup: false, activationEvent: 'onStartupFinished'
2024-05-24 14:52:00.720 [info] ExtensionService#_doActivateExtension vscode.merge-conflict, startup: false, activationEvent: 'onStartupFinished'
2024-05-24 14:52:00.721 [info] ExtensionService#_doActivateExtension ritwickdey.LiveServer, startup: false, activationEvent: 'onStartupFinished'
2024-05-24 14:52:01.063 [warning] [Decorations] CAPPING events from decorations provider vscode.git 6114
2024-05-24 14:52:01.977 [warning] [Decorations] CAPPING events from decorations provider vscode.git 6115
2024-05-24 14:52:41.682 [warning] [Decorations] CAPPING events from decorations provider vscode.git 6115
2024-05-24 14:52:46.881 [warning] [Decorations] CAPPING events from decorations provider vscode.git 6115
2024-05-24 14:52:52.023 [warning] [Decorations] CAPPING events from decorations provider vscode.git 6115
2024-05-24 14:52:57.188 [warning] [Decorations] CAPPING events from decorations provider vscode.git 6117
2024-05-24 14:53:12.122 [warning] [Decorations] CAPPING events from decorations provider vscode.git 6117
2024-05-24 14:53:17.263 [warning] [Decorations] CAPPING events from decorations provider vscode.git 6117
2024-05-24 14:53:22.388 [warning] [Decorations] CAPPING events from decorations provider vscode.git 6117
2024-05-24 14:53:27.517 [warning] [Decorations] CAPPING events from decorations provider vscode.git 6117
2024-05-24 14:53:32.645 [warning] [Decorations] CAPPING events from decorations provider vscode.git 6117
2024-05-24 14:53:37.775 [warning] [Decorations] CAPPING events from decorations provider vscode.git 6117
2024-05-24 14:53:42.906 [warning] [Decorations] CAPPING events from decorations provider vscode.git 6117
2024-05-24 14:53:48.041 [warning] [Decorations] CAPPING events from decorations provider vscode.git 6117
2024-05-24 14:53:53.179 [warning] [Decorations] CAPPING events from decorations provider vscode.git 6117
2024-05-24 14:54:14.087 [warning] [Decorations] CAPPING events from decorations provider vscode.git 6117
2024-05-24 14:54:19.236 [warning] [Decorations] CAPPING events from decorations provider vscode.git 6117
2024-05-24 14:54:24.382 [warning] [Decorations] CAPPING events from decorations provider vscode.git 6117
2024-05-24 14:54:29.510 [warning] [Decorations] CAPPING events from decorations provider vscode.git 6117
2024-05-24 14:54:34.664 [warning] [Decorations] CAPPING events from decorations provider vscode.git 6117
2024-05-24 14:54:39.797 [warning] [Decorations] CAPPING events from decorations provider vscode.git 6117
2024-05-24 14:55:24.514 [warning] [Decorations] CAPPING events from decorations provider vscode.git 6117
2024-05-24 14:55:32.993 [warning] [Decorations] CAPPING events from decorations provider vscode.git 6117
