2024-05-24 14:52:00.879 [info] Log level: Info
2024-05-24 14:52:00.879 [info] Validating found git in: "git"
2024-05-24 14:52:00.879 [info] Using git "2.34.1" from "git"
2024-05-24 14:52:00.879 [info] > git rev-parse --show-toplevel [6ms]
2024-05-24 14:52:00.879 [info] > git rev-parse --git-dir --git-common-dir [7ms]
2024-05-24 14:52:00.879 [info] Open repository: /root
2024-05-24 14:52:00.881 [info] > git rev-parse --show-toplevel [3ms]
2024-05-24 14:52:00.883 [info] > git config --get commit.template [9ms]
2024-05-24 14:52:00.895 [info] > git for-each-ref --format=%(refname)%00%(upstream:short)%00%(objectname)%00%(upstream:track)%00%(upstream:remotename)%00%(upstream:remoteref) refs/heads/master refs/remotes/master [3ms]
2024-05-24 14:52:00.904 [info] > git rev-parse --show-toplevel [15ms]
2024-05-24 14:52:00.913 [info] > git rev-parse --show-toplevel [2ms]
2024-05-24 14:52:00.920 [info] > git rev-parse --show-toplevel [1ms]
2024-05-24 14:52:00.927 [info] > git rev-parse --show-toplevel [1ms]
2024-05-24 14:52:00.934 [info] > git rev-parse --show-toplevel [2ms]
2024-05-24 14:52:00.949 [info] > git status -z -uall [46ms]
2024-05-24 14:52:00.949 [info] > git rev-parse --show-toplevel [2ms]
2024-05-24 14:52:01.848 [info] > git config --get commit.template [43ms]
2024-05-24 14:52:01.848 [info] > git rev-parse --show-toplevel [50ms]
2024-05-24 14:52:01.861 [info] > git for-each-ref --format=%(refname)%00%(upstream:short)%00%(objectname)%00%(upstream:track)%00%(upstream:remotename)%00%(upstream:remoteref) refs/heads/master refs/remotes/master [1ms]
2024-05-24 14:52:01.910 [info] > git status -z -uall [43ms]
2024-05-24 14:52:02.680 [info] > git show --textconv :web.html [16ms]
2024-05-24 14:52:02.681 [info] > git check-ignore -v -z --stdin [1ms]
2024-05-24 14:52:02.682 [info] > git ls-files --stage -- /root/web.html [11ms]
2024-05-24 14:52:02.692 [info] > git cat-file -s e69de29bb2d1d6434b8b29ae775ad8c2e48c5391 [3ms]
2024-05-24 14:52:41.542 [info] > git config --get commit.template [1ms]
2024-05-24 14:52:41.553 [info] > git for-each-ref --format=%(refname)%00%(upstream:short)%00%(objectname)%00%(upstream:track)%00%(upstream:remotename)%00%(upstream:remoteref) refs/heads/master refs/remotes/master [1ms]
2024-05-24 14:52:41.599 [info] > git status -z -uall [40ms]
2024-05-24 14:52:46.766 [info] > git config --get commit.template [2ms]
2024-05-24 14:52:46.777 [info] > git for-each-ref --format=%(refname)%00%(upstream:short)%00%(objectname)%00%(upstream:track)%00%(upstream:remotename)%00%(upstream:remoteref) refs/heads/master refs/remotes/master [2ms]
2024-05-24 14:52:46.820 [info] > git status -z -uall [33ms]
2024-05-24 14:52:51.909 [info] > git config --get commit.template [2ms]
2024-05-24 14:52:51.919 [info] > git for-each-ref --format=%(refname)%00%(upstream:short)%00%(objectname)%00%(upstream:track)%00%(upstream:remotename)%00%(upstream:remoteref) refs/heads/master refs/remotes/master [1ms]
2024-05-24 14:52:51.961 [info] > git status -z -uall [35ms]
2024-05-24 14:52:57.051 [info] > git config --get commit.template [2ms]
2024-05-24 14:52:57.061 [info] > git for-each-ref --format=%(refname)%00%(upstream:short)%00%(objectname)%00%(upstream:track)%00%(upstream:remotename)%00%(upstream:remoteref) refs/heads/master refs/remotes/master [1ms]
2024-05-24 14:52:57.105 [info] > git status -z -uall [38ms]
2024-05-24 14:53:11.986 [info] > git config --get commit.template [2ms]
2024-05-24 14:53:11.999 [info] > git for-each-ref --format=%(refname)%00%(upstream:short)%00%(objectname)%00%(upstream:track)%00%(upstream:remotename)%00%(upstream:remoteref) refs/heads/master refs/remotes/master [2ms]
2024-05-24 14:53:12.058 [info] > git status -z -uall [39ms]
2024-05-24 14:53:17.161 [info] > git config --get commit.template [1ms]
2024-05-24 14:53:17.170 [info] > git for-each-ref --format=%(refname)%00%(upstream:short)%00%(objectname)%00%(upstream:track)%00%(upstream:remotename)%00%(upstream:remoteref) refs/heads/master refs/remotes/master [1ms]
2024-05-24 14:53:17.208 [info] > git status -z -uall [32ms]
2024-05-24 14:53:22.290 [info] > git config --get commit.template [1ms]
2024-05-24 14:53:22.301 [info] > git for-each-ref --format=%(refname)%00%(upstream:short)%00%(objectname)%00%(upstream:track)%00%(upstream:remotename)%00%(upstream:remoteref) refs/heads/master refs/remotes/master [1ms]
2024-05-24 14:53:22.338 [info] > git status -z -uall [30ms]
2024-05-24 14:53:27.415 [info] > git config --get commit.template [2ms]
2024-05-24 14:53:27.428 [info] > git for-each-ref --format=%(refname)%00%(upstream:short)%00%(objectname)%00%(upstream:track)%00%(upstream:remotename)%00%(upstream:remoteref) refs/heads/master refs/remotes/master [1ms]
2024-05-24 14:53:27.466 [info] > git status -z -uall [30ms]
2024-05-24 14:53:32.544 [info] > git config --get commit.template [2ms]
2024-05-24 14:53:32.556 [info] > git for-each-ref --format=%(refname)%00%(upstream:short)%00%(objectname)%00%(upstream:track)%00%(upstream:remotename)%00%(upstream:remoteref) refs/heads/master refs/remotes/master [1ms]
2024-05-24 14:53:32.595 [info] > git status -z -uall [30ms]
2024-05-24 14:53:37.672 [info] > git config --get commit.template [1ms]
2024-05-24 14:53:37.684 [info] > git for-each-ref --format=%(refname)%00%(upstream:short)%00%(objectname)%00%(upstream:track)%00%(upstream:remotename)%00%(upstream:remoteref) refs/heads/master refs/remotes/master [1ms]
2024-05-24 14:53:37.724 [info] > git status -z -uall [30ms]
2024-05-24 14:53:42.802 [info] > git config --get commit.template [1ms]
2024-05-24 14:53:42.815 [info] > git for-each-ref --format=%(refname)%00%(upstream:short)%00%(objectname)%00%(upstream:track)%00%(upstream:remotename)%00%(upstream:remoteref) refs/heads/master refs/remotes/master [2ms]
2024-05-24 14:53:42.855 [info] > git status -z -uall [31ms]
2024-05-24 14:53:47.947 [info] > git config --get commit.template [11ms]
2024-05-24 14:53:47.947 [info] > git for-each-ref --format=%(refname)%00%(upstream:short)%00%(objectname)%00%(upstream:track)%00%(upstream:remotename)%00%(upstream:remoteref) refs/heads/master refs/remotes/master [2ms]
2024-05-24 14:53:47.990 [info] > git status -z -uall [30ms]
2024-05-24 14:53:53.085 [info] > git config --get commit.template [13ms]
2024-05-24 14:53:53.085 [info] > git for-each-ref --format=%(refname)%00%(upstream:short)%00%(objectname)%00%(upstream:track)%00%(upstream:remotename)%00%(upstream:remoteref) refs/heads/master refs/remotes/master [2ms]
2024-05-24 14:53:53.127 [info] > git status -z -uall [31ms]
2024-05-24 14:54:13.953 [info] > git config --get commit.template [2ms]
2024-05-24 14:54:13.971 [info] > git for-each-ref --format=%(refname)%00%(upstream:short)%00%(objectname)%00%(upstream:track)%00%(upstream:remotename)%00%(upstream:remoteref) refs/heads/master refs/remotes/master [1ms]
2024-05-24 14:54:14.025 [info] > git status -z -uall [39ms]
2024-05-24 14:54:19.127 [info] > git config --get commit.template [14ms]
2024-05-24 14:54:19.128 [info] > git for-each-ref --format=%(refname)%00%(upstream:short)%00%(objectname)%00%(upstream:track)%00%(upstream:remotename)%00%(upstream:remoteref) refs/heads/master refs/remotes/master [1ms]
2024-05-24 14:54:19.176 [info] > git status -z -uall [31ms]
2024-05-24 14:54:20.491 [info] > git check-ignore -v -z --stdin [1ms]
2024-05-24 14:54:24.270 [info] > git config --get commit.template [1ms]
2024-05-24 14:54:24.291 [info] > git check-ignore -v -z --stdin [1ms]
2024-05-24 14:54:24.292 [info] > git for-each-ref --format=%(refname)%00%(upstream:short)%00%(objectname)%00%(upstream:track)%00%(upstream:remotename)%00%(upstream:remoteref) refs/heads/master refs/remotes/master [11ms]
2024-05-24 14:54:24.330 [info] > git status -z -uall [30ms]
2024-05-24 14:54:29.410 [info] > git config --get commit.template [1ms]
2024-05-24 14:54:29.421 [info] > git for-each-ref --format=%(refname)%00%(upstream:short)%00%(objectname)%00%(upstream:track)%00%(upstream:remotename)%00%(upstream:remoteref) refs/heads/master refs/remotes/master [1ms]
2024-05-24 14:54:29.460 [info] > git status -z -uall [30ms]
2024-05-24 14:54:34.543 [info] > git config --get commit.template [1ms]
2024-05-24 14:54:34.559 [info] > git for-each-ref --format=%(refname)%00%(upstream:short)%00%(objectname)%00%(upstream:track)%00%(upstream:remotename)%00%(upstream:remoteref) refs/heads/master refs/remotes/master [2ms]
2024-05-24 14:54:34.610 [info] > git status -z -uall [39ms]
2024-05-24 14:54:39.706 [info] > git config --get commit.template [12ms]
2024-05-24 14:54:39.707 [info] > git for-each-ref --format=%(refname)%00%(upstream:short)%00%(objectname)%00%(upstream:track)%00%(upstream:remotename)%00%(upstream:remoteref) refs/heads/master refs/remotes/master [2ms]
2024-05-24 14:54:39.745 [info] > git status -z -uall [30ms]
2024-05-24 14:55:24.395 [info] > git config --get commit.template [13ms]
2024-05-24 14:55:24.396 [info] > git for-each-ref --format=%(refname)%00%(upstream:short)%00%(objectname)%00%(upstream:track)%00%(upstream:remotename)%00%(upstream:remoteref) refs/heads/master refs/remotes/master [3ms]
2024-05-24 14:55:24.448 [info] > git status -z -uall [42ms]
2024-05-24 14:55:32.863 [info] > git config --get commit.template [2ms]
2024-05-24 14:55:32.875 [info] > git for-each-ref --format=%(refname)%00%(upstream:short)%00%(objectname)%00%(upstream:track)%00%(upstream:remotename)%00%(upstream:remoteref) refs/heads/master refs/remotes/master [1ms]
2024-05-24 14:55:32.916 [info] > git status -z -uall [31ms]
