2024-05-24 14:35:34.557 [info] Log level: Info
2024-05-24 14:35:34.557 [info] Validating found git in: "git"
2024-05-24 14:35:34.557 [info] Using git "2.34.1" from "git"
2024-05-24 14:35:34.557 [info] > git rev-parse --show-toplevel [4ms]
2024-05-24 14:35:34.559 [info] > git rev-parse --git-dir --git-common-dir [3ms]
2024-05-24 14:35:34.577 [info] Open repository: /root
2024-05-24 14:35:34.653 [info] > git rev-parse --show-toplevel [57ms]
2024-05-24 14:35:34.656 [info] > git config --get commit.template [66ms]
2024-05-24 14:35:34.681 [info] > git rev-parse --show-toplevel [13ms]
2024-05-24 14:35:34.690 [info] > git for-each-ref --format=%(refname)%00%(upstream:short)%00%(objectname)%00%(upstream:track)%00%(upstream:remotename)%00%(upstream:remoteref) refs/heads/master refs/remotes/master [12ms]
2024-05-24 14:35:34.703 [info] > git rev-parse --show-toplevel [14ms]
2024-05-24 14:35:34.710 [info] > git rev-parse --show-toplevel [2ms]
2024-05-24 14:35:34.720 [info] > git rev-parse --show-toplevel [2ms]
2024-05-24 14:35:34.729 [info] > git rev-parse --show-toplevel [2ms]
2024-05-24 14:35:34.737 [info] > git rev-parse --show-toplevel [2ms]
2024-05-24 14:35:34.752 [info] > git status -z -uall [53ms]
2024-05-24 14:35:34.753 [info] > git rev-parse --show-toplevel [9ms]
2024-05-24 14:35:35.685 [info] > git check-ignore -v -z --stdin [33ms]
2024-05-24 14:35:35.687 [info] > git config --get commit.template [44ms]
2024-05-24 14:35:35.702 [info] > git for-each-ref --format=%(refname)%00%(upstream:short)%00%(objectname)%00%(upstream:track)%00%(upstream:remotename)%00%(upstream:remoteref) refs/heads/master refs/remotes/master [4ms]
2024-05-24 14:35:35.757 [info] > git status -z -uall [43ms]
2024-05-24 14:35:36.442 [info] > git show --textconv :web.html [572ms]
2024-05-24 14:35:36.443 [info] > git ls-files --stage -- /root/web.html [568ms]
2024-05-24 14:35:36.452 [info] > git cat-file -s e69de29bb2d1d6434b8b29ae775ad8c2e48c5391 [4ms]
2024-05-24 14:35:38.743 [info] > git config --get commit.template [3ms]
2024-05-24 14:35:38.752 [info] > git for-each-ref --format=%(refname)%00%(upstream:short)%00%(objectname)%00%(upstream:track)%00%(upstream:remotename)%00%(upstream:remoteref) refs/heads/master refs/remotes/master [2ms]
2024-05-24 14:35:38.794 [info] > git status -z -uall [36ms]
2024-05-24 14:35:43.894 [info] > git config --get commit.template [1ms]
2024-05-24 14:35:43.904 [info] > git for-each-ref --format=%(refname)%00%(upstream:short)%00%(objectname)%00%(upstream:track)%00%(upstream:remotename)%00%(upstream:remoteref) refs/heads/master refs/remotes/master [1ms]
2024-05-24 14:35:43.943 [info] > git status -z -uall [32ms]
2024-05-24 14:35:49.027 [info] > git config --get commit.template [2ms]
2024-05-24 14:35:49.035 [info] > git for-each-ref --format=%(refname)%00%(upstream:short)%00%(objectname)%00%(upstream:track)%00%(upstream:remotename)%00%(upstream:remoteref) refs/heads/master refs/remotes/master [1ms]
2024-05-24 14:35:49.078 [info] > git status -z -uall [35ms]
2024-05-24 14:35:54.311 [info] > git config --get commit.template [2ms]
2024-05-24 14:35:54.327 [info] > git for-each-ref --format=%(refname)%00%(upstream:short)%00%(objectname)%00%(upstream:track)%00%(upstream:remotename)%00%(upstream:remoteref) refs/heads/master refs/remotes/master [2ms]
2024-05-24 14:35:54.371 [info] > git status -z -uall [32ms]
2024-05-24 14:35:59.471 [info] > git config --get commit.template [13ms]
2024-05-24 14:35:59.472 [info] > git for-each-ref --format=%(refname)%00%(upstream:short)%00%(objectname)%00%(upstream:track)%00%(upstream:remotename)%00%(upstream:remoteref) refs/heads/master refs/remotes/master [1ms]
2024-05-24 14:35:59.522 [info] > git status -z -uall [34ms]
2024-05-24 14:36:04.614 [info] > git config --get commit.template [10ms]
2024-05-24 14:36:04.614 [info] > git for-each-ref --format=%(refname)%00%(upstream:short)%00%(objectname)%00%(upstream:track)%00%(upstream:remotename)%00%(upstream:remoteref) refs/heads/master refs/remotes/master [1ms]
2024-05-24 14:36:04.655 [info] > git status -z -uall [30ms]
2024-05-24 14:36:09.750 [info] > git config --get commit.template [14ms]
2024-05-24 14:36:09.750 [info] > git for-each-ref --format=%(refname)%00%(upstream:short)%00%(objectname)%00%(upstream:track)%00%(upstream:remotename)%00%(upstream:remoteref) refs/heads/master refs/remotes/master [1ms]
2024-05-24 14:36:09.793 [info] > git status -z -uall [34ms]
2024-05-24 14:36:14.876 [info] > git config --get commit.template [1ms]
2024-05-24 14:36:14.885 [info] > git for-each-ref --format=%(refname)%00%(upstream:short)%00%(objectname)%00%(upstream:track)%00%(upstream:remotename)%00%(upstream:remoteref) refs/heads/master refs/remotes/master [1ms]
2024-05-24 14:36:14.925 [info] > git status -z -uall [31ms]
2024-05-24 14:36:20.751 [info] > git config --get commit.template [2ms]
2024-05-24 14:36:20.763 [info] > git for-each-ref --format=%(refname)%00%(upstream:short)%00%(objectname)%00%(upstream:track)%00%(upstream:remotename)%00%(upstream:remoteref) refs/heads/master refs/remotes/master [2ms]
2024-05-24 14:36:20.810 [info] > git status -z -uall [35ms]
2024-05-24 14:36:25.902 [info] > git config --get commit.template [9ms]
2024-05-24 14:36:25.903 [info] > git for-each-ref --format=%(refname)%00%(upstream:short)%00%(objectname)%00%(upstream:track)%00%(upstream:remotename)%00%(upstream:remoteref) refs/heads/master refs/remotes/master [2ms]
2024-05-24 14:36:25.944 [info] > git status -z -uall [35ms]
2024-05-24 14:36:31.025 [info] > git config --get commit.template [1ms]
2024-05-24 14:36:31.033 [info] > git for-each-ref --format=%(refname)%00%(upstream:short)%00%(objectname)%00%(upstream:track)%00%(upstream:remotename)%00%(upstream:remoteref) refs/heads/master refs/remotes/master [1ms]
2024-05-24 14:36:31.072 [info] > git status -z -uall [30ms]
2024-05-24 14:36:36.653 [info] > git config --get commit.template [1ms]
2024-05-24 14:36:36.665 [info] > git for-each-ref --format=%(refname)%00%(upstream:short)%00%(objectname)%00%(upstream:track)%00%(upstream:remotename)%00%(upstream:remoteref) refs/heads/master refs/remotes/master [1ms]
2024-05-24 14:36:36.706 [info] > git status -z -uall [30ms]
2024-05-24 14:36:41.789 [info] > git config --get commit.template [2ms]
2024-05-24 14:36:41.799 [info] > git for-each-ref --format=%(refname)%00%(upstream:short)%00%(objectname)%00%(upstream:track)%00%(upstream:remotename)%00%(upstream:remoteref) refs/heads/master refs/remotes/master [1ms]
2024-05-24 14:36:41.838 [info] > git status -z -uall [30ms]
2024-05-24 14:36:46.929 [info] > git config --get commit.template [13ms]
2024-05-24 14:36:46.929 [info] > git for-each-ref --format=%(refname)%00%(upstream:short)%00%(objectname)%00%(upstream:track)%00%(upstream:remotename)%00%(upstream:remoteref) refs/heads/master refs/remotes/master [1ms]
2024-05-24 14:36:46.971 [info] > git status -z -uall [31ms]
2024-05-24 14:36:52.068 [info] > git config --get commit.template [12ms]
2024-05-24 14:36:52.069 [info] > git for-each-ref --format=%(refname)%00%(upstream:short)%00%(objectname)%00%(upstream:track)%00%(upstream:remotename)%00%(upstream:remoteref) refs/heads/master refs/remotes/master [2ms]
2024-05-24 14:36:52.123 [info] > git status -z -uall [34ms]
2024-05-24 14:36:58.407 [info] > git config --get commit.template [1ms]
2024-05-24 14:36:58.424 [info] > git for-each-ref --format=%(refname)%00%(upstream:short)%00%(objectname)%00%(upstream:track)%00%(upstream:remotename)%00%(upstream:remoteref) refs/heads/master refs/remotes/master [1ms]
2024-05-24 14:36:58.469 [info] > git status -z -uall [32ms]
2024-05-24 14:37:03.563 [info] > git config --get commit.template [1ms]
2024-05-24 14:37:03.577 [info] > git for-each-ref --format=%(refname)%00%(upstream:short)%00%(objectname)%00%(upstream:track)%00%(upstream:remotename)%00%(upstream:remoteref) refs/heads/master refs/remotes/master [1ms]
2024-05-24 14:37:03.618 [info] > git status -z -uall [30ms]
2024-05-24 14:37:08.714 [info] > git config --get commit.template [1ms]
2024-05-24 14:37:08.727 [info] > git for-each-ref --format=%(refname)%00%(upstream:short)%00%(objectname)%00%(upstream:track)%00%(upstream:remotename)%00%(upstream:remoteref) refs/heads/master refs/remotes/master [1ms]
2024-05-24 14:37:08.774 [info] > git status -z -uall [36ms]
2024-05-24 14:37:13.867 [info] > git config --get commit.template [2ms]
2024-05-24 14:37:13.884 [info] > git for-each-ref --format=%(refname)%00%(upstream:short)%00%(objectname)%00%(upstream:track)%00%(upstream:remotename)%00%(upstream:remoteref) refs/heads/master refs/remotes/master [2ms]
2024-05-24 14:37:13.929 [info] > git status -z -uall [31ms]
2024-05-24 14:37:19.037 [info] > git config --get commit.template [16ms]
2024-05-24 14:37:19.037 [info] > git for-each-ref --format=%(refname)%00%(upstream:short)%00%(objectname)%00%(upstream:track)%00%(upstream:remotename)%00%(upstream:remoteref) refs/heads/master refs/remotes/master [2ms]
2024-05-24 14:37:19.083 [info] > git status -z -uall [31ms]
2024-05-24 14:37:24.165 [info] > git config --get commit.template [1ms]
2024-05-24 14:37:24.175 [info] > git for-each-ref --format=%(refname)%00%(upstream:short)%00%(objectname)%00%(upstream:track)%00%(upstream:remotename)%00%(upstream:remoteref) refs/heads/master refs/remotes/master [0ms]
2024-05-24 14:37:24.212 [info] > git status -z -uall [29ms]
2024-05-24 14:37:39.907 [info] > git config --get commit.template [3ms]
2024-05-24 14:37:39.922 [info] > git for-each-ref --format=%(refname)%00%(upstream:short)%00%(objectname)%00%(upstream:track)%00%(upstream:remotename)%00%(upstream:remoteref) refs/heads/master refs/remotes/master [1ms]
2024-05-24 14:37:39.963 [info] > git status -z -uall [33ms]
2024-05-24 14:37:45.058 [info] > git config --get commit.template [2ms]
2024-05-24 14:37:45.069 [info] > git for-each-ref --format=%(refname)%00%(upstream:short)%00%(objectname)%00%(upstream:track)%00%(upstream:remotename)%00%(upstream:remoteref) refs/heads/master refs/remotes/master [1ms]
2024-05-24 14:37:45.106 [info] > git status -z -uall [29ms]
2024-05-24 14:37:51.571 [info] > git config --get commit.template [3ms]
2024-05-24 14:37:51.583 [info] > git for-each-ref --format=%(refname)%00%(upstream:short)%00%(objectname)%00%(upstream:track)%00%(upstream:remotename)%00%(upstream:remoteref) refs/heads/master refs/remotes/master [2ms]
2024-05-24 14:37:51.630 [info] > git status -z -uall [37ms]
2024-05-24 14:37:59.591 [info] > git config --get commit.template [2ms]
2024-05-24 14:37:59.606 [info] > git for-each-ref --format=%(refname)%00%(upstream:short)%00%(objectname)%00%(upstream:track)%00%(upstream:remotename)%00%(upstream:remoteref) refs/heads/master refs/remotes/master [2ms]
2024-05-24 14:37:59.647 [info] > git status -z -uall [32ms]
2024-05-24 14:38:04.734 [info] > git config --get commit.template [1ms]
2024-05-24 14:38:04.745 [info] > git for-each-ref --format=%(refname)%00%(upstream:short)%00%(objectname)%00%(upstream:track)%00%(upstream:remotename)%00%(upstream:remoteref) refs/heads/master refs/remotes/master [1ms]
2024-05-24 14:38:04.784 [info] > git status -z -uall [30ms]
2024-05-24 14:38:09.866 [info] > git config --get commit.template [2ms]
2024-05-24 14:38:09.878 [info] > git for-each-ref --format=%(refname)%00%(upstream:short)%00%(objectname)%00%(upstream:track)%00%(upstream:remotename)%00%(upstream:remoteref) refs/heads/master refs/remotes/master [2ms]
2024-05-24 14:38:09.918 [info] > git status -z -uall [31ms]
2024-05-24 14:38:15.009 [info] > git config --get commit.template [1ms]
2024-05-24 14:38:15.027 [info] > git for-each-ref --format=%(refname)%00%(upstream:short)%00%(objectname)%00%(upstream:track)%00%(upstream:remotename)%00%(upstream:remoteref) refs/heads/master refs/remotes/master [2ms]
2024-05-24 14:38:15.074 [info] > git status -z -uall [31ms]
